{
  "stats": {
    "suites": 1,
    "tests": 1,
    "passes": 1,
    "pending": 0,
    "failures": 0,
    "start": "2023-06-29T01:23:37.066Z",
    "end": "2023-06-29T01:23:54.503Z",
    "duration": 17437,
    "testsRegistered": 1,
    "passPercent": 100,
    "pendingPercent": 0,
    "other": 0,
    "hasOther": false,
    "skipped": 0,
    "hasSkipped": false
  },
  "results": [
    {
      "uuid": "e80617e4-648c-4525-ae2d-3ee6cfa66396",
      "title": "",
      "fullFile": "cypress/e2e/pesquisa_avancada.cy.js",
      "file": "cypress/e2e/pesquisa_avancada.cy.js",
      "beforeHooks": [],
      "afterHooks": [],
      "tests": [],
      "suites": [
        {
          "uuid": "38bb3263-95f0-4b0e-b349-1bfbab66d8ca",
          "title": "Cenário 1: Pesquisa avançada",
          "fullFile": "",
          "file": "",
          "beforeHooks": [],
          "afterHooks": [],
          "tests": [
            {
              "title": "Pesquisa avançada",
              "fullTitle": "Cenário 1: Pesquisa avançada Pesquisa avançada",
              "timedOut": null,
              "duration": 15369,
              "state": "passed",
              "speed": "slow",
              "pass": true,
              "fail": false,
              "pending": false,
              "context": null,
              "code": "cy.visit('https://www.ebay.com/');\n(0, _service.wait)();\n// botao pesquisa avançada\ncy.get('#gh-as-a').click();\n(0, _service.wait)();\n// pesquisa avançada sobre violão\ncy.get('[data-testid=\"_nkw\"]').type('acoustic guitar');\n(0, _service.wait)();\n// pesquisa por titulo e descrição\ncy.get('[data-testid=\"s0-1-17-5[1]-[0]-LH_TitleDesc\"]').click();\n(0, _service.wait)();\n// pesquisa por titulo e descrição\ncy.get('[data-testid=\"s0-1-17-6[3]-[0]-LH_BO\"]').click();\n(0, _service.wait)();\n// marcar como novo\ncy.get('[data-marko-key=\"@field[] s0-1-17-6[4]\"] > .field__label--end').click();\n// devolução grátis\ncy.get('[data-marko-key=\"@field[] s0-1-17-5[5]\"] > .field__label--end').click();\n(0, _service.wait)();\n// marcar todos países\ncy.get('[data-marko-key=\"@field[]_3 s0-1-17-6[7]\"] > .field__label--end').click();\n(0, _service.wait)();\n// realizar pesquisar\ncy.get('.adv-form__actions > .btn').click();",
              "err": {},
              "uuid": "96e1f476-6ba7-4633-81a4-4b616cd10e22",
              "parentUUID": "38bb3263-95f0-4b0e-b349-1bfbab66d8ca",
              "isHook": false,
              "skipped": false
            }
          ],
          "suites": [],
          "passes": [
            "96e1f476-6ba7-4633-81a4-4b616cd10e22"
          ],
          "failures": [],
          "pending": [],
          "skipped": [],
          "duration": 15369,
          "root": false,
          "rootEmpty": false,
          "_timeout": 2000
        }
      ],
      "passes": [],
      "failures": [],
      "pending": [],
      "skipped": [],
      "duration": 0,
      "root": true,
      "rootEmpty": true,
      "_timeout": 2000
    }
  ],
  "meta": {
    "mocha": {
      "version": "7.0.1"
    },
    "mochawesome": {
      "options": {
        "quiet": false,
        "reportFilename": "mochawesome",
        "saveHtml": true,
        "saveJson": true,
        "consoleReporter": "spec",
        "useInlineDiffs": false,
        "code": true
      },
      "version": "7.1.3"
    },
    "marge": {
      "options": null,
      "version": "6.2.0"
    }
  }
}