{
  "stats": {
    "suites": 1,
    "tests": 3,
    "passes": 3,
    "pending": 0,
    "failures": 0,
    "start": "2023-06-27T22:40:41.006Z",
    "end": "2023-06-27T22:41:11.083Z",
    "duration": 30077,
    "testsRegistered": 3,
    "passPercent": 100,
    "pendingPercent": 0,
    "other": 0,
    "hasOther": false,
    "skipped": 0,
    "hasSkipped": false
  },
  "results": [
    {
      "uuid": "caee276b-39d0-4148-ad56-342b7f4870c2",
      "title": "",
      "fullFile": "cypress/e2e/login.cy.js",
      "file": "cypress/e2e/login.cy.js",
      "beforeHooks": [],
      "afterHooks": [],
      "tests": [],
      "suites": [
        {
          "uuid": "5c8d4003-d4fc-46d3-a2ee-832ec39d90ba",
          "title": "Cenário 1: Login e Navegação",
          "fullFile": "",
          "file": "",
          "beforeHooks": [],
          "afterHooks": [],
          "tests": [
            {
              "title": "Login e redirecionamento",
              "fullTitle": "Cenário 1: Login e Navegação Login e redirecionamento",
              "timedOut": null,
              "duration": 2434,
              "state": "passed",
              "speed": "fast",
              "pass": true,
              "fail": false,
              "pending": false,
              "context": null,
              "code": "// login\ncy.visit('https://saucedemo.com/');\n(0, _service.wait)();\ncy.get('input[id=user-name]').type('standard_user');\ncy.get('input[id=password]').type('secret_sauce');\ncy.get('[data-test=\"login-button\"]').click();\n(0, _service.wait)();\n// verifica se foi direcionado corretamente\ncy.url().should('be.equal', 'https://www.saucedemo.com/inventory.html');",
              "err": {},
              "uuid": "4367aa4a-0f83-40d0-ab41-094c0bc5bd4e",
              "parentUUID": "5c8d4003-d4fc-46d3-a2ee-832ec39d90ba",
              "isHook": false,
              "skipped": false
            },
            {
              "title": "Navegação",
              "fullTitle": "Cenário 1: Login e Navegação Navegação",
              "timedOut": null,
              "duration": 14541,
              "state": "passed",
              "speed": "slow",
              "pass": true,
              "fail": false,
              "pending": false,
              "context": null,
              "code": "(0, _service.login)();\n// verificando os fluxos\n// cy.get('.inventory_item_name').each(($el, index) => {\n//     wait2(1000)\n//     cy.wrap($el).click()\n//     cy.get('[data-test=\"back-to-products\"]').click()\n// })\n// abrindo os detalhes de cada produto\nfor (var i = 0; i < 6; i++) {\n  cy.get(`#item_${i}_title_link > .inventory_item_name`).click();\n  (0, _service.wait)();\n  cy.get('[data-test=\"back-to-products\"]').click();\n  (0, _service.wait)();\n}\n// verifica o fluxo do carrinho de compras a as url's\ncy.get('.shopping_cart_link').click();\n(0, _service.wait)();\ncy.url().should('be.equal', 'https://www.saucedemo.com/cart.html');\n(0, _service.wait)();\ncy.get('[data-test=\"continue-shopping\"]').click();\n(0, _service.wait)();\ncy.url().should('be.equal', 'https://www.saucedemo.com/inventory.html');",
              "err": {},
              "uuid": "ca9cbb05-bce6-41c3-ae59-1ceae98ba95a",
              "parentUUID": "5c8d4003-d4fc-46d3-a2ee-832ec39d90ba",
              "isHook": false,
              "skipped": false
            },
            {
              "title": "Verificando os elementos",
              "fullTitle": "Cenário 1: Login e Navegação Verificando os elementos",
              "timedOut": null,
              "duration": 11864,
              "state": "passed",
              "speed": "slow",
              "pass": true,
              "fail": false,
              "pending": false,
              "context": null,
              "code": "(0, _service.login)();\ncy.get('.inventory_item_label').each(($el, index, $list) => {\n  (0, _service.wait)();\n  cy.wrap($el);\n  cy.get(`#item_${index}_title_link`).should('be.visible');\n});\ncy.get('.btn_inventory').each(($el, index, $list) => {\n  cy.wrap($el).should('be.visible').click();\n  (0, _service.wait)();\n  cy.get('.btn_inventory').eq(index).should('be.enabled').should('be.visible');\n  // wait()\n});\n// carrinho visível e habilitado\ncy.get('.shopping_cart_link').should('be.visible');",
              "err": {},
              "uuid": "fdba39b2-9687-40d6-bc96-6fb9143f91ba",
              "parentUUID": "5c8d4003-d4fc-46d3-a2ee-832ec39d90ba",
              "isHook": false,
              "skipped": false
            }
          ],
          "suites": [],
          "passes": [
            "4367aa4a-0f83-40d0-ab41-094c0bc5bd4e",
            "ca9cbb05-bce6-41c3-ae59-1ceae98ba95a",
            "fdba39b2-9687-40d6-bc96-6fb9143f91ba"
          ],
          "failures": [],
          "pending": [],
          "skipped": [],
          "duration": 28839,
          "root": false,
          "rootEmpty": false,
          "_timeout": 2000
        }
      ],
      "passes": [],
      "failures": [],
      "pending": [],
      "skipped": [],
      "duration": 0,
      "root": true,
      "rootEmpty": true,
      "_timeout": 2000
    }
  ],
  "meta": {
    "mocha": {
      "version": "7.0.1"
    },
    "mochawesome": {
      "options": {
        "quiet": false,
        "reportFilename": "mochawesome",
        "saveHtml": true,
        "saveJson": true,
        "consoleReporter": "spec",
        "useInlineDiffs": false,
        "code": true
      },
      "version": "7.1.3"
    },
    "marge": {
      "options": null,
      "version": "6.2.0"
    }
  }
}